[0m12:34:46.690081 [debug] [MainThread]: Sending event: {'category': 'dbt', 'action': 'invocation', 'label': 'start', 'context': [<snowplow_tracker.self_describing_json.SelfDescribingJson object at 0x7f4f1d307080>, <snowplow_tracker.self_describing_json.SelfDescribingJson object at 0x7f4f1d6cb440>, <snowplow_tracker.self_describing_json.SelfDescribingJson object at 0x7f4f1d164bf0>]}


============================== 12:34:46.700278 | 14342fcc-7e8c-4a39-9413-42232d8d25bd ==============================
[0m12:34:46.700278 [info ] [MainThread]: Running with dbt=1.9.0
[0m12:34:46.701115 [debug] [MainThread]: running dbt with arguments {'printer_width': '80', 'indirect_selection': 'eager', 'log_cache_events': 'False', 'write_json': 'True', 'partial_parse': 'True', 'cache_selected_only': 'False', 'warn_error': 'None', 'debug': 'False', 'profiles_dir': '/root/.dbt', 'log_path': 'logs', 'fail_fast': 'False', 'version_check': 'True', 'use_colors': 'True', 'use_experimental_parser': 'False', 'no_print': 'None', 'quiet': 'False', 'empty': 'None', 'warn_error_options': 'WarnErrorOptions(include=[], exclude=[])', 'static_parser': 'True', 'introspect': 'True', 'invocation_command': 'dbt init my_project', 'target_path': 'None', 'log_format': 'default', 'send_anonymous_usage_stats': 'True'}
[0m12:34:46.772077 [warn ] [MainThread]: [ConfigFolderDirectory]: Unable to parse logging event dictionary. Failed to parse dir field: expected string or bytes-like object, got 'PosixPath'.. Dictionary: {'dir': PosixPath('/root/.dbt')}
[0m12:34:46.772903 [info ] [MainThread]: Creating dbt configuration folder at 
[0m12:34:46.776913 [debug] [MainThread]: Starter project path: /usr/local/lib/python3.12/site-packages/dbt/include/starter_project
[0m12:34:46.792338 [info ] [MainThread]: 
Your new dbt project "my_project" was created!

For more information on how to configure the profiles.yml file,
please consult the dbt documentation here:

  https://docs.getdbt.com/docs/configure-your-profile

One more thing:

Need help? Don't hesitate to reach out to us via GitHub issues or on Slack:

  https://community.getdbt.com/

Happy modeling!

[0m12:34:46.793497 [info ] [MainThread]: Setting up your profile.
[0m12:36:37.029714 [info ] [MainThread]: Profile my_project written to /root/.dbt/profiles.yml using target's profile_template.yml and your supplied values. Run 'dbt debug' to validate the connection.
[0m12:36:37.033585 [debug] [MainThread]: Resource report: {"command_name": "init", "command_success": true, "command_wall_clock_time": 110.42042, "process_in_blocks": "93536", "process_kernel_time": 0.531654, "process_mem_max_rss": "91824", "process_out_blocks": "1544", "process_user_time": 1.781477}
[0m12:36:37.034912 [debug] [MainThread]: Command `dbt init` succeeded at 12:36:37.034627 after 110.42 seconds
[0m12:36:37.036020 [debug] [MainThread]: Sending event: {'category': 'dbt', 'action': 'invocation', 'label': 'end', 'context': [<snowplow_tracker.self_describing_json.SelfDescribingJson object at 0x7f4f1d365c10>, <snowplow_tracker.self_describing_json.SelfDescribingJson object at 0x7f4f1ec654c0>, <snowplow_tracker.self_describing_json.SelfDescribingJson object at 0x7f4f1e70b680>]}
[0m12:36:37.037498 [debug] [MainThread]: Flushing usage events
[0m12:36:38.090780 [debug] [MainThread]: An error was encountered while trying to flush usage events
[0m12:37:53.135826 [debug] [MainThread]: Sending event: {'category': 'dbt', 'action': 'invocation', 'label': 'start', 'context': [<snowplow_tracker.self_describing_json.SelfDescribingJson object at 0x721cc67f7a70>, <snowplow_tracker.self_describing_json.SelfDescribingJson object at 0x721cc5fad280>, <snowplow_tracker.self_describing_json.SelfDescribingJson object at 0x721cc763f1d0>]}


============================== 12:37:53.145372 | 6b302f39-345c-4023-8a11-772dd1ec381c ==============================
[0m12:37:53.145372 [info ] [MainThread]: Running with dbt=1.9.0
[0m12:37:53.146244 [debug] [MainThread]: running dbt with arguments {'printer_width': '80', 'indirect_selection': 'eager', 'log_cache_events': 'False', 'write_json': 'True', 'partial_parse': 'True', 'cache_selected_only': 'False', 'warn_error': 'None', 'fail_fast': 'False', 'debug': 'False', 'log_path': 'logs', 'profiles_dir': '/root/.dbt', 'version_check': 'True', 'use_colors': 'True', 'use_experimental_parser': 'False', 'empty': 'None', 'quiet': 'False', 'no_print': 'None', 'log_format': 'default', 'static_parser': 'True', 'introspect': 'True', 'invocation_command': 'dbt debug', 'target_path': 'None', 'warn_error_options': 'WarnErrorOptions(include=[], exclude=[])', 'send_anonymous_usage_stats': 'True'}
[0m12:37:53.217806 [info ] [MainThread]: dbt version: 1.9.0
[0m12:37:53.218348 [info ] [MainThread]: python version: 3.12.4
[0m12:37:53.218979 [info ] [MainThread]: python path: /usr/local/bin/python
[0m12:37:53.220031 [info ] [MainThread]: os info: Linux-6.6.87.2-microsoft-standard-WSL2-x86_64-with-glibc2.31
[0m12:37:53.220752 [info ] [MainThread]: Using profiles dir at /root/.dbt
[0m12:37:53.221489 [info ] [MainThread]: Using profiles.yml file at /root/.dbt/profiles.yml
[0m12:37:53.222360 [info ] [MainThread]: Using dbt_project.yml file at /usr/app/dbt_project.yml
[0m12:37:53.223037 [info ] [MainThread]: Configuration:
[0m12:37:53.223787 [info ] [MainThread]:   profiles.yml file [[31mERROR not found[0m]
[0m12:37:53.224765 [info ] [MainThread]:   dbt_project.yml file [[31mERROR not found[0m]
[0m12:37:53.225876 [info ] [MainThread]: Required dependencies:
[0m12:37:53.227038 [debug] [MainThread]: Executing "git --help"
[0m12:37:53.251643 [debug] [MainThread]: STDOUT: "b"usage: git [--version] [--help] [-C <path>] [-c <name>=<value>]\n           [--exec-path[=<path>]] [--html-path] [--man-path] [--info-path]\n           [-p | --paginate | -P | --no-pager] [--no-replace-objects] [--bare]\n           [--git-dir=<path>] [--work-tree=<path>] [--namespace=<name>]\n           <command> [<args>]\n\nThese are common Git commands used in various situations:\n\nstart a working area (see also: git help tutorial)\n   clone             Clone a repository into a new directory\n   init              Create an empty Git repository or reinitialize an existing one\n\nwork on the current change (see also: git help everyday)\n   add               Add file contents to the index\n   mv                Move or rename a file, a directory, or a symlink\n   restore           Restore working tree files\n   rm                Remove files from the working tree and from the index\n   sparse-checkout   Initialize and modify the sparse-checkout\n\nexamine the history and state (see also: git help revisions)\n   bisect            Use binary search to find the commit that introduced a bug\n   diff              Show changes between commits, commit and working tree, etc\n   grep              Print lines matching a pattern\n   log               Show commit logs\n   show              Show various types of objects\n   status            Show the working tree status\n\ngrow, mark and tweak your common history\n   branch            List, create, or delete branches\n   commit            Record changes to the repository\n   merge             Join two or more development histories together\n   rebase            Reapply commits on top of another base tip\n   reset             Reset current HEAD to the specified state\n   switch            Switch branches\n   tag               Create, list, delete or verify a tag object signed with GPG\n\ncollaborate (see also: git help workflows)\n   fetch             Download objects and refs from another repository\n   pull              Fetch from and integrate with another repository or a local branch\n   push              Update remote refs along with associated objects\n\n'git help -a' and 'git help -g' list available subcommands and some\nconcept guides. See 'git help <command>' or 'git help <concept>'\nto read about a specific subcommand or concept.\nSee 'git help git' for an overview of the system.\n""
[0m12:37:53.253445 [debug] [MainThread]: STDERR: "b''"
[0m12:37:53.254039 [info ] [MainThread]:  - git [[32mOK found[0m]

[0m12:37:53.254778 [info ] [MainThread]: Connection test skipped since no profile was found
[0m12:37:53.255539 [info ] [MainThread]: [31m2 checks failed:[0m
[0m12:37:53.256417 [info ] [MainThread]: dbt looked for a profiles.yml file in /root/.dbt/profiles.yml, but did
not find one. For more information on configuring your profile, consult the
documentation:

https://docs.getdbt.com/docs/configure-your-profile


[0m12:37:53.257160 [info ] [MainThread]: Project loading failed for the following reason:
 project path </usr/app/dbt_project.yml> not found

[0m12:37:53.258739 [debug] [MainThread]: Resource report: {"command_name": "debug", "command_success": false, "command_wall_clock_time": 0.19087793, "process_in_blocks": "56", "process_kernel_time": 0.399381, "process_mem_max_rss": "86896", "process_out_blocks": "1488", "process_user_time": 1.689383}
[0m12:37:53.260031 [debug] [MainThread]: Command `dbt debug` failed at 12:37:53.259588 after 0.19 seconds
[0m12:37:53.261100 [debug] [MainThread]: Sending event: {'category': 'dbt', 'action': 'invocation', 'label': 'end', 'context': [<snowplow_tracker.self_describing_json.SelfDescribingJson object at 0x721cc62bcad0>, <snowplow_tracker.self_describing_json.SelfDescribingJson object at 0x721cc6a1c170>, <snowplow_tracker.self_describing_json.SelfDescribingJson object at 0x721cc5c0df40>]}
[0m12:37:53.262099 [debug] [MainThread]: Flushing usage events
[0m12:37:54.432423 [debug] [MainThread]: An error was encountered while trying to flush usage events
